<?xml version="1.0" encoding="UTF-8"?>
<robot generator="Robot 5.0.1 (Python 3.10.6 on win32)" generated="20230210 22:31:22.923" rpa="false" schemaversion="3">
<suite id="s1" name="Amazon Testes" source="C:\CursoUdemy\RobotFrameWork\WebTest\amazon_testes.robot">
<test id="s1-t1" name="Caso de teste 01 - Acesso ao menu &quot;Eletrônicos&quot;" line="10">
<kw name="Abrir o navegador" library="amazon_resources" type="SETUP">
<kw name="Open Browser" library="SeleniumLibrary">
<arg>browser=${BROWSER}</arg>
<doc>Opens a new browser instance to the optional ``url``.</doc>
<msg timestamp="20230210 22:31:23.808" level="INFO">Opening browser 'Chrome' to base url 'None'.</msg>
<status status="PASS" starttime="20230210 22:31:23.808" endtime="20230210 22:31:25.315"/>
</kw>
<kw name="Maximize Browser Window" library="SeleniumLibrary">
<doc>Maximizes current browser window.</doc>
<status status="PASS" starttime="20230210 22:31:25.315" endtime="20230210 22:31:25.440"/>
</kw>
<status status="PASS" starttime="20230210 22:31:23.807" endtime="20230210 22:31:25.441"/>
</kw>
<kw name="Acessar a home page do site Amazon.com.br" library="amazon_resources">
<kw name="Go To" library="SeleniumLibrary">
<arg>${URL}</arg>
<doc>Navigates the current browser window to the provided ``url``.</doc>
<msg timestamp="20230210 22:31:25.450" level="INFO">Opening url 'https://www.amazon.com.br'</msg>
<status status="PASS" starttime="20230210 22:31:25.450" endtime="20230210 22:31:28.673"/>
</kw>
<kw name="Wait Until Element Is Visible" library="SeleniumLibrary">
<arg>locator=${MENU_TODOS}</arg>
<doc>Waits until the element ``locator`` is visible.</doc>
<status status="PASS" starttime="20230210 22:31:28.673" endtime="20230210 22:31:28.846"/>
</kw>
<status status="PASS" starttime="20230210 22:31:25.449" endtime="20230210 22:31:28.846"/>
</kw>
<kw name="Verificar se o título da página fica &quot;Amazon.com.br | Tudo pra você, de A a Z.&quot;" library="amazon_resources" sourcename="Verificar se o título da página fica &quot;${TITULO}&quot;">
<kw name="Title Should Be" library="SeleniumLibrary">
<arg>title=${TITULO}</arg>
<doc>Verifies that the current page title equals ``title``.</doc>
<msg timestamp="20230210 22:31:28.853" level="INFO">Page title is 'Amazon.com.br | Tudo pra você, de A a Z.'.</msg>
<status status="PASS" starttime="20230210 22:31:28.848" endtime="20230210 22:31:28.853"/>
</kw>
<status status="PASS" starttime="20230210 22:31:28.847" endtime="20230210 22:31:28.853"/>
</kw>
<kw name="Entrar no menu &quot;eletrônicos e tecnologia&quot;" library="amazon_resources">
<kw name="Wait Until Location Is Not" library="SeleniumLibrary">
<arg>location=${CAMPO_PESQUISA}</arg>
<doc>Waits until the current URL is not ``location``.</doc>
<status status="PASS" starttime="20230210 22:31:28.855" endtime="20230210 22:31:28.867"/>
</kw>
<kw name="Sleep" library="BuiltIn">
<arg>2s</arg>
<doc>Pauses the test executed for the given time.</doc>
<msg timestamp="20230210 22:31:30.874" level="INFO">Slept 2 seconds</msg>
<status status="PASS" starttime="20230210 22:31:28.867" endtime="20230210 22:31:30.874"/>
</kw>
<kw name="Input Text" library="SeleniumLibrary">
<arg>locator=${CAMPO_PESQUISA}</arg>
<arg>text=${TEXTO_ELETRONICOS}</arg>
<doc>Types the given ``text`` into the text field identified by ``locator``.</doc>
<msg timestamp="20230210 22:31:30.875" level="INFO">Typing text 'eletrônicos e tecnologia' into text field '//input[contains(@aria-label,'Pesquisa')]'.</msg>
<status status="PASS" starttime="20230210 22:31:30.874" endtime="20230210 22:31:31.224"/>
</kw>
<kw name="Wait Until Page Contains" library="SeleniumLibrary">
<arg>text=${TEXTO_ELETRONICOS}</arg>
<doc>Waits until ``text`` appears on the current page.</doc>
<status status="PASS" starttime="20230210 22:31:31.224" endtime="20230210 22:31:31.726"/>
</kw>
<kw name="Click Image" library="SeleniumLibrary">
<arg>locator=${BUTTON_LUPA}</arg>
<doc>Clicks an image identified by ``locator``.</doc>
<msg timestamp="20230210 22:31:31.727" level="INFO">Clicking image '//input[@value='Ir']'.</msg>
<status status="PASS" starttime="20230210 22:31:31.726" endtime="20230210 22:31:33.813"/>
</kw>
<status status="PASS" starttime="20230210 22:31:28.854" endtime="20230210 22:31:33.813"/>
</kw>
<kw name="Verificar se aparece a frase &quot;Eletrônicos e Tecnologia&quot;" library="amazon_resources" sourcename="Verificar se aparece a frase &quot;${FRASE}&quot;">
<kw name="Wait Until Page Contains" library="SeleniumLibrary">
<arg>text=${FRASE}</arg>
<doc>Waits until ``text`` appears on the current page.</doc>
<status status="PASS" starttime="20230210 22:31:33.815" endtime="20230210 22:31:33.843"/>
</kw>
<kw name="Wait Until Element Is Visible" library="SeleniumLibrary">
<arg>locator=${HEADER_ELETRONICOS_E_TECNOLOGIA}</arg>
<doc>Waits until the element ``locator`` is visible.</doc>
<status status="PASS" starttime="20230210 22:31:33.843" endtime="20230210 22:31:33.883"/>
</kw>
<status status="PASS" starttime="20230210 22:31:33.814" endtime="20230210 22:31:33.883"/>
</kw>
<kw name="Verificar se o título da página fica &quot;Amazon.com.br : eletrônicos e tecnologia&quot;" library="amazon_resources" sourcename="Verificar se o título da página fica &quot;${TITULO}&quot;">
<kw name="Title Should Be" library="SeleniumLibrary">
<arg>title=${TITULO}</arg>
<doc>Verifies that the current page title equals ``title``.</doc>
<msg timestamp="20230210 22:31:33.895" level="INFO">Page title is 'Amazon.com.br : eletrônicos e tecnologia'.</msg>
<status status="PASS" starttime="20230210 22:31:33.884" endtime="20230210 22:31:33.895"/>
</kw>
<status status="PASS" starttime="20230210 22:31:33.884" endtime="20230210 22:31:33.895"/>
</kw>
<kw name="Verificar se aparece a categoria &quot;Computadores e Informática&quot;" library="amazon_resources" sourcename="Verificar se aparece a categoria &quot;${NOME_CATEGORIA}&quot;">
<kw name="Element Should Be Visible" library="SeleniumLibrary">
<arg>locator=//span[@class='a-size-base a-color-base'][contains(.,'${NOME_CATEGORIA}')]</arg>
<doc>Verifies that the element identified by ``locator`` is visible.</doc>
<msg timestamp="20230210 22:31:34.163" level="INFO" html="true">&lt;/td&gt;&lt;/tr&gt;&lt;tr&gt;&lt;td colspan="3"&gt;&lt;a href="selenium-screenshot-6.png"&gt;&lt;img src="selenium-screenshot-6.png" width="800px"&gt;&lt;/a&gt;</msg>
<msg timestamp="20230210 22:31:34.164" level="FAIL">Element with locator '//span[@class='a-size-base a-color-base'][contains(.,'Computadores e Informática')]' not found.</msg>
<status status="FAIL" starttime="20230210 22:31:33.896" endtime="20230210 22:31:34.168"/>
</kw>
<status status="FAIL" starttime="20230210 22:31:33.896" endtime="20230210 22:31:34.170"/>
</kw>
<kw name="Verificar se aparece a categoria &quot;Livros de Ciências, Matemática e Tecnologia&quot;" library="amazon_resources" sourcename="Verificar se aparece a categoria &quot;${NOME_CATEGORIA}&quot;">
<status status="NOT RUN" starttime="20230210 22:31:34.172" endtime="20230210 22:31:34.172"/>
</kw>
<doc>Esse teste verifica o menu eletrônico do site da Amazon.com.br
e verifica a categoria Computadores Informática</doc>
<tag>categorias</tag>
<tag>menus</tag>
<status status="FAIL" starttime="20230210 22:31:23.806" endtime="20230210 22:31:34.174">Element with locator '//span[@class='a-size-base a-color-base'][contains(.,'Computadores e Informática')]' not found.</status>
</test>
<test id="s1-t2" name="Caso de teste 02 - Pesquisa de um produto" line="21">
<kw name="Abrir o navegador" library="amazon_resources" type="SETUP">
<kw name="Open Browser" library="SeleniumLibrary">
<arg>browser=${BROWSER}</arg>
<doc>Opens a new browser instance to the optional ``url``.</doc>
<msg timestamp="20230210 22:31:34.186" level="INFO">Opening browser 'Chrome' to base url 'None'.</msg>
<status status="PASS" starttime="20230210 22:31:34.185" endtime="20230210 22:31:35.609"/>
</kw>
<kw name="Maximize Browser Window" library="SeleniumLibrary">
<doc>Maximizes current browser window.</doc>
<status status="PASS" starttime="20230210 22:31:35.609" endtime="20230210 22:31:35.782"/>
</kw>
<status status="PASS" starttime="20230210 22:31:34.184" endtime="20230210 22:31:35.782"/>
</kw>
<kw name="Acessar a home page do site Amazon.com.br" library="amazon_resources">
<kw name="Go To" library="SeleniumLibrary">
<arg>${URL}</arg>
<doc>Navigates the current browser window to the provided ``url``.</doc>
<msg timestamp="20230210 22:31:35.784" level="INFO">Opening url 'https://www.amazon.com.br'</msg>
<status status="PASS" starttime="20230210 22:31:35.784" endtime="20230210 22:31:39.049"/>
</kw>
<kw name="Wait Until Element Is Visible" library="SeleniumLibrary">
<arg>locator=${MENU_TODOS}</arg>
<doc>Waits until the element ``locator`` is visible.</doc>
<status status="PASS" starttime="20230210 22:31:39.049" endtime="20230210 22:31:39.270"/>
</kw>
<status status="PASS" starttime="20230210 22:31:35.783" endtime="20230210 22:31:39.271"/>
</kw>
<kw name="Digitar o nome de produto &quot;Xbox Series S&quot; no campo de pesquisa" library="amazon_resources" sourcename="Digitar o nome de produto &quot;${PRODUTO}&quot; no campo de pesquisa">
<kw name="Wait Until Location Is Not" library="SeleniumLibrary">
<arg>location=${CAMPO_PESQUISA}</arg>
<doc>Waits until the current URL is not ``location``.</doc>
<status status="PASS" starttime="20230210 22:31:39.273" endtime="20230210 22:31:39.330"/>
</kw>
<kw name="Sleep" library="BuiltIn">
<arg>2s</arg>
<doc>Pauses the test executed for the given time.</doc>
<msg timestamp="20230210 22:31:41.339" level="INFO">Slept 2 seconds</msg>
<status status="PASS" starttime="20230210 22:31:39.330" endtime="20230210 22:31:41.339"/>
</kw>
<kw name="Input Text" library="SeleniumLibrary">
<arg>locator=${CAMPO_PESQUISA}</arg>
<arg>text=${PRODUTO}</arg>
<doc>Types the given ``text`` into the text field identified by ``locator``.</doc>
<msg timestamp="20230210 22:31:41.340" level="INFO">Typing text 'Xbox Series S' into text field '//input[contains(@aria-label,'Pesquisa')]'.</msg>
<status status="PASS" starttime="20230210 22:31:41.339" endtime="20230210 22:31:41.654"/>
</kw>
<status status="PASS" starttime="20230210 22:31:39.273" endtime="20230210 22:31:41.654"/>
</kw>
<kw name="Clicar no botão de pesquisa" library="amazon_resources">
<kw name="Click Image" library="SeleniumLibrary">
<arg>locator=${BUTTON_LUPA}</arg>
<doc>Clicks an image identified by ``locator``.</doc>
<msg timestamp="20230210 22:31:41.657" level="INFO">Clicking image '//input[@value='Ir']'.</msg>
<status status="PASS" starttime="20230210 22:31:41.656" endtime="20230210 22:31:41.907"/>
</kw>
<status status="PASS" starttime="20230210 22:31:41.655" endtime="20230210 22:31:41.907"/>
</kw>
<kw name="Verificar o resultado da pequisa se está listando o produto &quot;Console Xbox Series S&quot;" library="amazon_resources" sourcename="Verificar o resultado da pequisa se está listando o produto &quot;${CONSOLE}&quot;">
<kw name="Wait Until Location Is Not" library="SeleniumLibrary">
<arg>location=(//span[contains(.,'${CONSOLE}')])[2]</arg>
<doc>Waits until the current URL is not ``location``.</doc>
<status status="PASS" starttime="20230210 22:31:41.910" endtime="20230210 22:31:42.108"/>
</kw>
<status status="PASS" starttime="20230210 22:31:41.909" endtime="20230210 22:31:42.109"/>
</kw>
<doc>Esse teste verifica a busca de um produto</doc>
<tag>busca_produtos</tag>
<tag>lista_busca</tag>
<status status="PASS" starttime="20230210 22:31:34.182" endtime="20230210 22:31:42.110"/>
</test>
<doc>Essa suite teste o site da Amazon.com.br</doc>
<status status="FAIL" starttime="20230210 22:31:22.925" endtime="20230210 22:31:42.112"/>
</suite>
<statistics>
<total>
<stat pass="1" fail="1" skip="0">All Tests</stat>
</total>
<tag>
<stat pass="1" fail="0" skip="0">busca_produtos</stat>
<stat pass="0" fail="1" skip="0">categorias</stat>
<stat pass="1" fail="0" skip="0">lista_busca</stat>
<stat pass="0" fail="1" skip="0">menus</stat>
</tag>
<suite>
<stat pass="1" fail="1" skip="0" id="s1" name="Amazon Testes">Amazon Testes</stat>
</suite>
</statistics>
<errors>
</errors>
</robot>
