<?xml version="1.0" encoding="UTF-8"?>
<robot generator="Robot 5.0.1 (Python 3.10.6 on win32)" generated="20230210 22:11:31.391" rpa="false" schemaversion="3">
<suite id="s1" name="Amazon Testes Gherkin" source="C:\CursoUdemy\RobotFrameWork\WebTest\amazon_testes_gherkin.robot">
<test id="s1-t1" name="Caso de Teste 04 - Remover Produto do Carrinho" line="32">
<kw name="Abrir o navegador" library="amazon_resources" type="SETUP">
<kw name="Open Browser" library="SeleniumLibrary">
<arg>browser=${BROWSER}</arg>
<doc>Opens a new browser instance to the optional ``url``.</doc>
<msg timestamp="20230210 22:11:32.276" level="INFO">Opening browser 'Chrome' to base url 'None'.</msg>
<status status="PASS" starttime="20230210 22:11:32.275" endtime="20230210 22:11:33.856"/>
</kw>
<kw name="Maximize Browser Window" library="SeleniumLibrary">
<doc>Maximizes current browser window.</doc>
<status status="PASS" starttime="20230210 22:11:33.857" endtime="20230210 22:11:33.991"/>
</kw>
<status status="PASS" starttime="20230210 22:11:32.275" endtime="20230210 22:11:33.991"/>
</kw>
<kw name="Dado que estou na home page da Amazon.com.br" library="amazon_resources">
<msg timestamp="20230210 22:11:33.992" level="FAIL">Keyword with same name defined multiple times.</msg>
<status status="FAIL" starttime="20230210 22:11:33.992" endtime="20230210 22:11:33.992"/>
</kw>
<kw name="E existe o produto &quot;Xbox Series S&quot; no Carrinho" library="amazon_resources" sourcename="E existe o produto &quot;${XBOX}&quot; no carrinho">
<status status="NOT RUN" starttime="20230210 22:11:33.993" endtime="20230210 22:11:33.993"/>
</kw>
<kw name="Quando remover o produto &quot;Console Xbox Series S&quot; do carrinho" library="amazon_resources">
<status status="NOT RUN" starttime="20230210 22:11:33.993" endtime="20230210 22:11:33.993"/>
</kw>
<kw name="Então o carrinho deve ficar vazio" library="amazon_resources">
<status status="NOT RUN" starttime="20230210 22:11:33.994" endtime="20230210 22:11:33.994"/>
</kw>
<doc>Esse teste verifica a remoção de um produto no carrinho de compras</doc>
<tag>remover_carrinho</tag>
<status status="FAIL" starttime="20230210 22:11:32.274" endtime="20230210 22:11:33.995">Keyword with same name defined multiple times.</status>
</test>
<doc>Essa suite teste o site da Amazon.com.br</doc>
<status status="FAIL" starttime="20230210 22:11:31.393" endtime="20230210 22:11:33.997"/>
</suite>
<statistics>
<total>
<stat pass="0" fail="1" skip="0">All Tests</stat>
</total>
<tag>
<stat pass="0" fail="1" skip="0">remover_carrinho</stat>
</tag>
<suite>
<stat pass="0" fail="1" skip="0" id="s1" name="Amazon Testes Gherkin">Amazon Testes Gherkin</stat>
</suite>
</statistics>
<errors>
<msg timestamp="20230210 22:11:31.430" level="ERROR">Error in file 'C:\CursoUdemy\RobotFrameWork\WebTest\amazon_resources.robot' on line 78: Creating keyword 'Dado que estou na home page da Amazon.com.br' failed: Keyword with same name defined multiple times.</msg>
</errors>
</robot>
